2025-05-05 07:14:12 - Request received: Array
(
)

2025-05-05 07:14:12 - Request received: Array
(
)

2025-05-05 07:14:12 - Request received: Array
(
)

2025-05-05 07:14:12 - Request received: Array
(
)

2025-05-05 07:14:16 - Request received: Array
(
)

2025-05-05 07:14:16 - Request received: Array
(
)

2025-05-05 07:14:16 - Request received: Array
(
)

2025-05-05 07:14:40 - Request received: Array
(
    [partname] => aaaaa
    [vehicletype] => aaa
    [price] => 121
    [quantity] => 21
    [ordernumber(ifordered)] => 11
    [Status] => Available
)

2025-05-05 07:27:21 - Request received: Array
(
)

2025-05-05 07:27:21 - Request received: Array
(
)

2025-05-05 07:27:22 - Request received: Array
(
)

2025-05-05 07:27:22 - Request received: Array
(
)

2025-05-05 07:28:37 - Request received: Array
(
    [partname] => tire
    [vehicletype] => bike
    [price] => 1500
    [quantity] => 90
    [ordernumber(ifordered)] => ODR098
    [Status] => Available
)

2025-05-05 07:43:13 - Request received: Array
(
)

2025-05-05 07:43:13 - Request received: Array
(
)

2025-05-05 07:43:13 - Request received: Array
(
)

2025-05-05 07:44:03 - Request received: Array
(
)

2025-05-05 07:44:03 - Request received: Array
(
)

2025-05-05 07:44:03 - Request received: Array
(
)

2025-05-05 07:44:31 - Request received: Array
(
)

2025-05-05 07:44:31 - Request received: Array
(
)

2025-05-05 07:44:31 - Request received: Array
(
)

2025-05-05 07:50:33 - Request received: Array
(
)

2025-05-05 07:50:33 - Request received: Array
(
)

2025-05-05 07:51:53 - Request received: Array
(
)

2025-05-05 07:51:53 - Request received: Array
(
)

2025-05-05 07:51:53 - Request received: Array
(
)

2025-05-05 08:02:28 - Request received: Array
(
)

2025-05-05 08:02:28 - Request received: Array
(
)

2025-05-05 08:02:28 - Request received: Array
(
)

2025-05-05 08:02:44 - Request received: Array
(
)

2025-05-05 08:02:44 - Request received: Array
(
)

2025-05-05 08:02:45 - Request received: Array
(
)

2025-05-05 08:03:56 - Request received: Array
(
)

2025-05-05 08:03:56 - Request received: Array
(
)

2025-05-05 08:03:56 - Request received: Array
(
)

2025-05-05 08:04:49 - Request received: Array
(
)

2025-05-05 08:04:49 - Request received: Array
(
)

2025-05-05 08:04:49 - Request received: Array
(
)

